  Compiling CUDA source file kernel.cu...
  
  G:\Projects\cuda_minimal\cuda_minimal>"C:\Program Files\NVIDIA GPU Computing Toolkit\CUDA\v9.1\bin\nvcc.exe" -gencode=arch=compute_30,code=\"sm_30,compute_30\" --use-local-env --cl-version 2015 -ccbin "C:\Program Files (x86)\Microsoft Visual Studio 14.0\VC\bin\x86_amd64" -x cu  -I"C:\Program Files\NVIDIA GPU Computing Toolkit\CUDA\v9.1\include" -I"C:\Program Files\NVIDIA GPU Computing Toolkit\CUDA\v9.1\include"     --keep-dir x64\Release   --machine 64 --compile -cudart static -use_fast_math    -DWIN32 -DWIN64 -DNDEBUG -D_CONSOLE -D_MBCS -Xcompiler "/EHsc /W3 /nologo /O2 /FS /Zi  /MD " -o x64\Release\kernel.cu.obj "G:\Projects\cuda_minimal\cuda_minimal\kernel.cu" 
G:/Projects/cuda_minimal/cuda_minimal/kernel.cu(197): warning : calling a constexpr __host__ function("max") from a __host__ __device__ function("trace") is not allowed. The experimental flag '--expt-relaxed-constexpr' can be used to allow this.
G:/Projects/cuda_minimal/cuda_minimal/kernel.cu(196): warning : calling a constexpr __host__ function from a __host__ __device__ function is not allowed. The experimental flag '--expt-relaxed-constexpr' can be used to allow this.
G:/Projects/cuda_minimal/cuda_minimal/kernel.cu(366): warning : missing return statement at end of non-void function "parallelRender"
G:/Projects/cuda_minimal/cuda_minimal/kernel.cu(244): warning : variable "streamSize_width" was declared but never referenced
CUDACOMPILE : ptxas warning : Stack size for entry function '_Z10par_renderP6SphereP4Vec3IfEfffffii' cannot be statically determined
G:/Projects/cuda_minimal/cuda_minimal/kernel.cu(366): warning : missing return statement at end of non-void function "parallelRender"
G:/Projects/cuda_minimal/cuda_minimal/kernel.cu(244): warning : variable "streamSize_width" was declared but never referenced
  kernel.cu
G:/Projects/cuda_minimal/cuda_minimal/kernel.cu(128): warning C4018: '<': signed/unsigned mismatch
G:/Projects/cuda_minimal/cuda_minimal/kernel.cu(149): warning C4305: 'initializing': truncation from 'double' to 'float'
G:/Projects/cuda_minimal/cuda_minimal/kernel.cu(155): warning C4305: 'argument': truncation from 'double' to 'const float'
G:/Projects/cuda_minimal/cuda_minimal/kernel.cu(164): warning C4305: 'initializing': truncation from 'double' to 'float'
G:/Projects/cuda_minimal/cuda_minimal/kernel.cu(180): warning C4018: '<': signed/unsigned mismatch
G:/Projects/cuda_minimal/cuda_minimal/kernel.cu(187): warning C4018: '<': signed/unsigned mismatch
G:/Projects/cuda_minimal/cuda_minimal/kernel.cu(235): warning C4267: 'initializing': conversion from 'size_t' to 'int', possible loss of data
G:/Projects/cuda_minimal/cuda_minimal/kernel.cu(250): warning C4244: 'initializing': conversion from 'double' to 'float', possible loss of data
G:/Projects/cuda_minimal/cuda_minimal/kernel.cu(378): warning C4305: 'argument': truncation from 'double' to 'float'
G:/Projects/cuda_minimal/cuda_minimal/kernel.cu(379): warning C4305: 'argument': truncation from 'double' to 'float'
G:/Projects/cuda_minimal/cuda_minimal/kernel.cu(380): warning C4305: 'argument': truncation from 'double' to 'float'
G:/Projects/cuda_minimal/cuda_minimal/kernel.cu(381): warning C4305: 'argument': truncation from 'double' to 'float'
G:/Projects/cuda_minimal/cuda_minimal/kernel.cu(382): warning C4305: 'argument': truncation from 'double' to 'float'
g:\projects\cuda_minimal\cuda_minimal\kernel.cu(366): warning C4715: 'parallelRender': not all control paths return a value
  LINK : /LTCG specified but no code generation required; remove /LTCG from the link command line to improve linker performance
  cuda_minimal.vcxproj -> G:\Projects\cuda_minimal\x64\Release\cuda_minimal.exe
  cuda_minimal.vcxproj -> G:\Projects\cuda_minimal\x64\Release\cuda_minimal.pdb (Full PDB)
  copy "C:\Program Files\NVIDIA GPU Computing Toolkit\CUDA\v9.1\bin\cudart*.dll" "G:\Projects\cuda_minimal\x64\Release\"
  C:\Program Files\NVIDIA GPU Computing Toolkit\CUDA\v9.1\bin\cudart32_91.dll
  C:\Program Files\NVIDIA GPU Computing Toolkit\CUDA\v9.1\bin\cudart64_91.dll
          2 file(s) copied.
